<?xml version="1.0" encoding="UTF-8"?>
<!-- Generated by org.testng.reporters.JUnitReportReporter -->
<testsuite skipped="0" hostname="LAPTOP-OMRO4GL7" name="script.TestDemo" tests="1" failures="0" timestamp="28 Sep 2018 19:29:29 GMT" time="21.878" errors="0">
  <testcase name="testA" time="21.878" classname="script.TestDemo"/>
</testsuite> <!-- script.TestDemo -->
