<?xml version="1.0" encoding="UTF-8"?>
<!-- Generated by org.testng.reporters.JUnitReportReporter -->
<testsuite skipped="0" hostname="LAPTOP-OMRO4GL7" name="script.DemoA" tests="2" failures="0" timestamp="28 Sep 2018 19:29:29 GMT" time="0.044" errors="0">
  <testcase name="testA" time="0.044" classname="script.DemoA"/>
  <testcase name="testB" time="0.000" classname="script.DemoA"/>
</testsuite> <!-- script.DemoA -->
