<?xml version="1.0" encoding="UTF-8"?>
<!-- Generated by org.testng.reporters.JUnitReportReporter -->
<testsuite skipped="0" hostname="LAPTOP-OMRO4GL7" name="generic.TestDemo" tests="1" failures="0" timestamp="26 Sep 2018 17:48:11 GMT" time="18.960" errors="0">
  <testcase name="testA" time="18.960" classname="generic.TestDemo"/>
</testsuite> <!-- generic.TestDemo -->
