<?xml version="1.0" encoding="UTF-8"?>
<!-- Generated by org.testng.reporters.JUnitReportReporter -->
<testsuite skipped="0" hostname="LAPTOP-OMRO4GL7" name="script.TestDemo" tests="1" failures="0" timestamp="27 Sep 2018 20:14:38 GMT" time="21.457" errors="0">
  <testcase name="testA" time="21.457" classname="script.TestDemo"/>
</testsuite> <!-- script.TestDemo -->
